  [1m[35m (1697.7ms)[0m  [1m[35mCREATE DATABASE "polls_app_development" ENCODING = 'unicode'[0m
  ↳ /Users/ikeshpack/.rvm/rubies/ruby-2.6.0/lib/ruby/gems/2.6.0/gems/activesupport-5.2.3/lib/active_support/subscriber.rb:101
  [1m[35m (211.9ms)[0m  [1m[35mCREATE DATABASE "polls_app_test" ENCODING = 'unicode'[0m
  ↳ /Users/ikeshpack/.rvm/rubies/ruby-2.6.0/lib/ruby/gems/2.6.0/gems/activesupport-5.2.3/lib/active_support/subscriber.rb:101
  [1m[35m (154.6ms)[0m  [1m[35mCREATE TABLE "schema_migrations" ("version" character varying NOT NULL PRIMARY KEY)[0m
  ↳ /Users/ikeshpack/.rvm/rubies/ruby-2.6.0/lib/ruby/gems/2.6.0/gems/activesupport-5.2.3/lib/active_support/subscriber.rb:101
  [1m[35m (127.7ms)[0m  [1m[35mCREATE TABLE "ar_internal_metadata" ("key" character varying NOT NULL PRIMARY KEY, "value" character varying, "created_at" timestamp NOT NULL, "updated_at" timestamp NOT NULL)[0m
  ↳ /Users/ikeshpack/.rvm/rubies/ruby-2.6.0/lib/ruby/gems/2.6.0/gems/activesupport-5.2.3/lib/active_support/subscriber.rb:101
  [1m[35m (0.3ms)[0m  [1m[34mSELECT pg_try_advisory_lock(4042686100896465855)[0m
  ↳ /Users/ikeshpack/.rvm/rubies/ruby-2.6.0/lib/ruby/gems/2.6.0/gems/activesupport-5.2.3/lib/active_support/subscriber.rb:101
  [1m[35m (0.8ms)[0m  [1m[34mSELECT "schema_migrations"."version" FROM "schema_migrations" ORDER BY "schema_migrations"."version" ASC[0m
  ↳ /Users/ikeshpack/.rvm/rubies/ruby-2.6.0/lib/ruby/gems/2.6.0/gems/activesupport-5.2.3/lib/active_support/subscriber.rb:101
Migrating to CreateUser (20190612222041)
  [1m[35m (0.2ms)[0m  [1m[35mBEGIN[0m
  ↳ /Users/ikeshpack/.rvm/rubies/ruby-2.6.0/lib/ruby/gems/2.6.0/gems/activesupport-5.2.3/lib/active_support/subscriber.rb:101
  [1m[35m (90.7ms)[0m  [1m[35mCREATE TABLE "users" ("id" bigserial primary key, "username" character varying NOT NULL, "created_at" timestamp NOT NULL, "updated_at" timestamp NOT NULL)[0m
  ↳ /Users/ikeshpack/.rvm/rubies/ruby-2.6.0/lib/ruby/gems/2.6.0/gems/activesupport-5.2.3/lib/active_support/subscriber.rb:101
  [1m[36mActiveRecord::SchemaMigration Create (1.1ms)[0m  [1m[32mINSERT INTO "schema_migrations" ("version") VALUES ($1) RETURNING "version"[0m  [["version", "20190612222041"]]
  ↳ /Users/ikeshpack/.rvm/rubies/ruby-2.6.0/lib/ruby/gems/2.6.0/gems/activesupport-5.2.3/lib/active_support/subscriber.rb:101
  [1m[35m (74.1ms)[0m  [1m[35mCOMMIT[0m
  ↳ /Users/ikeshpack/.rvm/rubies/ruby-2.6.0/lib/ruby/gems/2.6.0/gems/activesupport-5.2.3/lib/active_support/subscriber.rb:101
  [1m[36mActiveRecord::InternalMetadata Load (0.4ms)[0m  [1m[34mSELECT  "ar_internal_metadata".* FROM "ar_internal_metadata" WHERE "ar_internal_metadata"."key" = $1 LIMIT $2[0m  [["key", "environment"], ["LIMIT", 1]]
  ↳ /Users/ikeshpack/.rvm/rubies/ruby-2.6.0/lib/ruby/gems/2.6.0/gems/activesupport-5.2.3/lib/active_support/subscriber.rb:101
  [1m[35m (0.1ms)[0m  [1m[35mBEGIN[0m
  ↳ /Users/ikeshpack/.rvm/rubies/ruby-2.6.0/lib/ruby/gems/2.6.0/gems/activesupport-5.2.3/lib/active_support/subscriber.rb:101
  [1m[36mActiveRecord::InternalMetadata Create (0.6ms)[0m  [1m[32mINSERT INTO "ar_internal_metadata" ("key", "value", "created_at", "updated_at") VALUES ($1, $2, $3, $4) RETURNING "key"[0m  [["key", "environment"], ["value", "development"], ["created_at", "2019-06-12 22:22:16.140553"], ["updated_at", "2019-06-12 22:22:16.140553"]]
  ↳ /Users/ikeshpack/.rvm/rubies/ruby-2.6.0/lib/ruby/gems/2.6.0/gems/activesupport-5.2.3/lib/active_support/subscriber.rb:101
  [1m[35m (40.5ms)[0m  [1m[35mCOMMIT[0m
  ↳ /Users/ikeshpack/.rvm/rubies/ruby-2.6.0/lib/ruby/gems/2.6.0/gems/activesupport-5.2.3/lib/active_support/subscriber.rb:101
  [1m[35m (0.4ms)[0m  [1m[34mSELECT pg_advisory_unlock(4042686100896465855)[0m
  ↳ /Users/ikeshpack/.rvm/rubies/ruby-2.6.0/lib/ruby/gems/2.6.0/gems/activesupport-5.2.3/lib/active_support/subscriber.rb:101
  [1m[35m (0.4ms)[0m  [1m[34mSELECT "schema_migrations"."version" FROM "schema_migrations" ORDER BY "schema_migrations"."version" ASC[0m
  ↳ /Users/ikeshpack/.rvm/rubies/ruby-2.6.0/lib/ruby/gems/2.6.0/gems/activesupport-5.2.3/lib/active_support/subscriber.rb:101
  [1m[35m (0.2ms)[0m  [1m[34mSELECT pg_try_advisory_lock(4042686100896465855)[0m
  ↳ /Users/ikeshpack/.rvm/rubies/ruby-2.6.0/lib/ruby/gems/2.6.0/gems/activesupport-5.2.3/lib/active_support/subscriber.rb:101
  [1m[35m (1.1ms)[0m  [1m[34mSELECT "schema_migrations"."version" FROM "schema_migrations" ORDER BY "schema_migrations"."version" ASC[0m
  ↳ /Users/ikeshpack/.rvm/rubies/ruby-2.6.0/lib/ruby/gems/2.6.0/gems/activesupport-5.2.3/lib/active_support/subscriber.rb:101
Migrating to AddIndexToUser (20190612222534)
  [1m[35m (0.2ms)[0m  [1m[35mBEGIN[0m
  ↳ /Users/ikeshpack/.rvm/rubies/ruby-2.6.0/lib/ruby/gems/2.6.0/gems/activesupport-5.2.3/lib/active_support/subscriber.rb:101
  [1m[35m (41.5ms)[0m  [1m[35mCREATE  INDEX  "index_users_on_username" ON "users"  ("username")[0m
  ↳ /Users/ikeshpack/.rvm/rubies/ruby-2.6.0/lib/ruby/gems/2.6.0/gems/activesupport-5.2.3/lib/active_support/subscriber.rb:101
  [1m[36mActiveRecord::SchemaMigration Create (0.6ms)[0m  [1m[32mINSERT INTO "schema_migrations" ("version") VALUES ($1) RETURNING "version"[0m  [["version", "20190612222534"]]
  ↳ /Users/ikeshpack/.rvm/rubies/ruby-2.6.0/lib/ruby/gems/2.6.0/gems/activesupport-5.2.3/lib/active_support/subscriber.rb:101
  [1m[35m (39.7ms)[0m  [1m[35mCOMMIT[0m
  ↳ /Users/ikeshpack/.rvm/rubies/ruby-2.6.0/lib/ruby/gems/2.6.0/gems/activesupport-5.2.3/lib/active_support/subscriber.rb:101
  [1m[36mActiveRecord::InternalMetadata Load (0.5ms)[0m  [1m[34mSELECT  "ar_internal_metadata".* FROM "ar_internal_metadata" WHERE "ar_internal_metadata"."key" = $1 LIMIT $2[0m  [["key", "environment"], ["LIMIT", 1]]
  ↳ /Users/ikeshpack/.rvm/rubies/ruby-2.6.0/lib/ruby/gems/2.6.0/gems/activesupport-5.2.3/lib/active_support/subscriber.rb:101
  [1m[35m (0.2ms)[0m  [1m[35mBEGIN[0m
  ↳ /Users/ikeshpack/.rvm/rubies/ruby-2.6.0/lib/ruby/gems/2.6.0/gems/activesupport-5.2.3/lib/active_support/subscriber.rb:101
  [1m[35m (0.1ms)[0m  [1m[35mCOMMIT[0m
  ↳ /Users/ikeshpack/.rvm/rubies/ruby-2.6.0/lib/ruby/gems/2.6.0/gems/activesupport-5.2.3/lib/active_support/subscriber.rb:101
  [1m[35m (0.3ms)[0m  [1m[34mSELECT pg_advisory_unlock(4042686100896465855)[0m
  ↳ /Users/ikeshpack/.rvm/rubies/ruby-2.6.0/lib/ruby/gems/2.6.0/gems/activesupport-5.2.3/lib/active_support/subscriber.rb:101
  [1m[35m (0.4ms)[0m  [1m[34mSELECT "schema_migrations"."version" FROM "schema_migrations" ORDER BY "schema_migrations"."version" ASC[0m
  ↳ /Users/ikeshpack/.rvm/rubies/ruby-2.6.0/lib/ruby/gems/2.6.0/gems/activesupport-5.2.3/lib/active_support/subscriber.rb:101
